[16:37:58.070] [INFO] storybook v10.3.4
[16:37:59.019] [WARN] Multiple main files found in your configDir (/Users/itsadi/Desktop/Nirmaan UI Component Library/packages/docs/.storybook).
Storybook will use the first one found and ignore the others. Please remove the extra files.
[16:37:59.350] [DEBUG] Getting package.json info for /Users/itsadi/Desktop/Nirmaan UI Component Library/packages/docs/package.json...
[16:37:59.352] [WARN] You are currently using Storybook [1m10.3.4[22m but you have packages which are incompatible with it:

- @storybook/addon-essentials@8.6.18 which depends on 8.6.18
 Repo: https://github.com/storybookjs/storybook/tree/next/code/addons/essentials
- @storybook/addon-interactions@8.6.14 which depends on 8.6.14
 Repo: https://github.com/storybookjs/storybook/tree/next/code/addons/interactions
- @storybook/blocks@8.6.14 which depends on ^8.6.14
 Repo: https://github.com/storybookjs/storybook/tree/next/code/lib/blocks
- @storybook/manager-api@8.6.14 which depends on ^8.2.0 || ^8.3.0-0 || ^8.4.0-0 || ^8.5.0-0 || ^8.6.0-0
 Repo: https://github.com/storybookjs/storybook/tree/next/code/lib/manager-api
- @storybook/test@8.6.15 which depends on 8.6.15
 Repo: https://github.com/storybookjs/storybook/tree/next/code/lib/test
- @storybook/theming@8.6.14 which depends on ^8.2.0 || ^8.3.0-0 || ^8.4.0-0 || ^8.5.0-0 || ^8.6.0-0
 Repo: https://github.com/storybookjs/storybook/tree/next/code/lib/theming

Please consider updating your packages or contacting the maintainers for compatibility details.

For more details on compatibility guidance, see:
https://github.com/storybookjs/storybook/issues/32836
[16:37:59.460] [INFO] Storybook collects completely anonymous usage telemetry. We use it to shape Storybook's roadmap and prioritize features. You can learn more, including how to opt out, at https://storybook.js.org/telemetry
[16:37:59.856] [INFO] Starting...
[16:38:00.030] [ERROR] [38;2;241;97;97mSB_CORE-SERVER_0004 (NoMatchingExportError): There was an exports mismatch error when trying to build Storybook.
Please check whether the versions of your Storybook packages match whenever possible, as this might be the cause.

Problematic example:
{ "@storybook/react": "7.5.3", "@storybook/react-vite": "7.4.5", "storybook": "7.3.0" }

Correct example:
{ "@storybook/react": "7.5.3", "@storybook/react-vite": "7.5.3", "storybook": "7.5.3" }

Please run `npx storybook doctor` for guidance on how to fix this issue.

More info: 
[39m
    at buildOrThrow (file:///Users/itsadi/Desktop/Nirmaan%20UI%20Component%20Library/node_modules/.pnpm/storybook@10.3.4_@testing-library+dom@10.4.1_prettier@3.8.1_react-dom@19.2.4_react@19.2.4__react@19.2.4/node_modules/storybook/dist/core-server/index.js:4513:9)
    at process.processTicksAndRejections (node:internal/process/task_queues:104:5)
    at async buildDevStandalone (file:///Users/itsadi/Desktop/Nirmaan%20UI%20Component%20Library/node_modules/.pnpm/storybook@10.3.4_@testing-library+dom@10.4.1_prettier@3.8.1_react-dom@19.2.4_react@19.2.4__react@19.2.4/node_modules/storybook/dist/core-server/index.js:8033:41)
    at async withTelemetry (file:///Users/itsadi/Desktop/Nirmaan%20UI%20Component%20Library/node_modules/.pnpm/storybook@10.3.4_@testing-library+dom@10.4.1_prettier@3.8.1_react-dom@19.2.4_react@19.2.4__react@19.2.4/node_modules/storybook/dist/_node-chunks/chunk-HUYNFPPD.js:225:12)
    at async dev (file:///Users/itsadi/Desktop/Nirmaan%20UI%20Component%20Library/node_modules/.pnpm/storybook@10.3.4_@testing-library+dom@10.4.1_prettier@3.8.1_react-dom@19.2.4_react@19.2.4__react@19.2.4/node_modules/storybook/dist/bin/core.js:2736:3)
    at async _Command.<anonymous> (file:///Users/itsadi/Desktop/Nirmaan%20UI%20Component%20Library/node_modules/.pnpm/storybook@10.3.4_@testing-library+dom@10.4.1_prettier@3.8.1_react-dom@19.2.4_react@19.2.4__react@19.2.4/node_modules/storybook/dist/bin/core.js:2806:92)
[16:38:00.032] [WARN] Broken build, fix the error above.
You may need to refresh the browser.
[16:38:04.095] [PROMPT] Would you like to send anonymous crash reports to improve Storybook and fix bugs faster? {"choice":true}